\BOOKMARK [1][-]{section.1}{\376\377\004\022\004\062\004\065\004\064\004\065\004\075\004\070\004\065}{}% 1
\BOOKMARK [1][-]{section.2}{\376\377\004\042\004\065\004\074\004\060\004\102\004\070\004\107\004\065\004\101\004\072\004\060\004\117\000\040\004\074\004\076\004\064\004\065\004\073\004\114\000\040\000P\000L\000S\000A}{}% 2
\BOOKMARK [1][-]{section.3}{\376\377\004\034\004\076\004\064\004\065\004\073\004\070\000\040\004\101\004\076\000-\004\062\004\101\004\102\004\100\004\065\004\107\004\060\004\065\004\074\004\076\004\101\004\102\004\065\004\071\000\040\004\102\004\076\004\072\004\065\004\075\004\076\004\062}{}% 3
\BOOKMARK [2][-]{subsection.3.1}{\376\377\004\032\004\076\004\063\004\065\004\100\004\065\004\075\004\102\004\075\004\076\004\101\004\102\004\114\000\040\004\102\004\065\004\074}{section.3}% 4
\BOOKMARK [2][-]{subsection.3.2}{\376\377\000P\000P\000M\000I\000\040\004\075\004\060\000\040\004\107\004\060\004\101\004\102\004\076\004\102\004\060\004\105\000\040\004\077\004\060\004\100\000\040\004\102\004\076\004\072\004\065\004\075\004\076\004\062}{section.3}% 5
\BOOKMARK [2][-]{subsection.3.3}{\376\377\000P\000P\000M\000I\000\040\004\075\004\060\000\040\004\107\004\060\004\101\004\102\004\076\004\102\004\060\004\105\000\040\004\064\004\076\004\072\004\103\004\074\004\065\004\075\004\102\004\076\004\062}{section.3}% 6
\BOOKMARK [1][-]{section.4}{\376\377\004\020\004\073\004\063\004\076\004\100\004\070\004\102\004\074\000\040\004\077\004\076\004\064\004\101\004\107\004\121\004\102\004\060\000\040\004\101\004\076\000-\004\062\004\101\004\102\004\100\004\065\004\107\004\060\004\065\004\074\004\076\004\101\004\102\004\065\004\071}{}% 7
\BOOKMARK [2][-]{subsection.4.1}{\376\377\004\036\004\061\004\100\004\060\004\061\004\076\004\102\004\072\004\060\000\040\004\062\004\105\004\076\004\064\004\075\004\076\004\071\000\040\004\072\004\076\004\073\004\073\004\065\004\072\004\106\004\070\004\070}{section.4}% 8
\BOOKMARK [2][-]{subsection.4.2}{\376\377\004\020\004\063\004\100\004\065\004\063\004\060\004\106\004\070\004\117\000\040\004\101\004\076\004\061\004\100\004\060\004\075\004\075\004\076\004\071\000\040\004\101\004\102\004\060\004\102\004\070\004\101\004\102\004\070\004\072\004\070}{section.4}% 9
\BOOKMARK [2][-]{subsection.4.3}{\376\377\004\022\004\113\004\107\004\070\004\101\004\073\004\065\004\075\004\070\004\065\000\040\004\074\004\065\004\102\004\100\004\070\004\072}{section.4}% 10
\BOOKMARK [2][-]{subsection.4.4}{\376\377\004\042\004\100\004\065\004\061\004\076\004\062\004\060\004\075\004\070\004\117\000\040\004\072\000\040\004\072\004\076\004\073\004\073\004\065\004\072\004\106\004\070\004\070}{section.4}% 11
\BOOKMARK [2][-]{subsection.4.5}{\376\377\004\020\004\075\004\060\004\073\004\070\004\067\000\040\004\101\004\073\004\076\004\066\004\075\004\076\004\101\004\102\004\070}{section.4}% 12
\BOOKMARK [3][-]{subsubsection.4.5.1}{\376\377\004\020\004\075\004\060\004\073\004\070\004\067\000\040\004\077\004\065\004\100\004\062\004\076\004\063\004\076\000\040\004\115\004\102\004\060\004\077\004\060}{subsection.4.5}% 13
\BOOKMARK [3][-]{subsubsection.4.5.2}{\376\377\004\020\004\075\004\060\004\073\004\070\004\067\000\040\004\062\004\102\004\076\004\100\004\076\004\063\004\076\000\040\004\115\004\102\004\060\004\077\004\060}{subsection.4.5}% 14
\BOOKMARK [3][-]{subsubsection.4.5.3}{\376\377\004\020\004\075\004\060\004\073\004\070\004\067\000\040\004\102\004\100\004\065\004\102\004\114\004\065\004\063\004\076\000\040\004\115\004\102\004\060\004\077\004\060}{subsection.4.5}% 15
\BOOKMARK [2][-]{subsection.4.6}{\376\377\004\040\004\065\004\060\004\073\004\070\004\067\004\060\004\106\004\070\004\117\000\040\004\060\004\073\004\063\004\076\004\100\004\070\004\102\004\074\004\060}{section.4}% 16
\BOOKMARK [1][-]{section.5}{\376\377\004\022\004\073\004\070\004\117\004\075\004\070\004\065\000\040\004\077\004\060\004\100\004\060\004\074\004\065\004\102\004\100\004\076\004\062}{}% 17
\BOOKMARK [2][-]{subsection.5.1}{\376\377\004\040\004\065\004\060\004\073\004\114\004\075\004\076\004\065\000\040\004\062\004\100\004\065\004\074\004\117\000\040\004\100\004\060\004\061\004\076\004\102\004\113}{section.5}% 18
\BOOKMARK [2][-]{subsection.5.2}{\376\377\004\027\004\060\004\102\004\100\004\060\004\107\004\065\004\075\004\075\004\060\004\117\000\040\004\077\004\060\004\074\004\117\004\102\004\114}{section.5}% 19
\BOOKMARK [2][-]{subsection.5.3}{\376\377\004\022\004\113\004\062\004\076\004\064\004\113}{section.5}% 20
\BOOKMARK [1][-]{section.6}{\376\377\004\030\004\067\004\074\004\065\004\100\004\065\004\075\004\070\004\065\000\040\004\072\004\076\004\063\004\065\004\100\004\065\004\075\004\102\004\075\004\076\004\101\004\102\004\070}{}% 21
\BOOKMARK [2][-]{subsection.6.1}{\376\377\004\036\004\061\004\103\004\107\004\065\004\075\004\070\004\065\000\040\004\074\004\076\004\064\004\065\004\073\004\070}{section.6}% 22
\BOOKMARK [2][-]{subsection.6.2}{\376\377\004\030\004\075\004\102\004\065\004\100\004\077\004\100\004\065\004\102\004\070\004\100\004\103\004\065\004\074\004\076\004\101\004\102\004\114\000\040\004\102\004\065\004\074}{section.6}% 23
\BOOKMARK [2][-]{subsection.6.3}{\376\377\004\022\004\113\004\062\004\076\004\064\004\113}{section.6}% 24
\BOOKMARK [1][-]{section.7}{\376\377\004\027\004\060\004\072\004\073\004\116\004\107\004\065\004\075\004\070\004\065}{}% 25
\BOOKMARK [2][-]{subsection.7.1}{\376\377\004\040\004\065\004\067\004\103\004\073\004\114\004\102\004\060\004\102\004\113\000,\000\040\004\062\004\113\004\075\004\076\004\101\004\070\004\074\004\113\004\065\000\040\004\075\004\060\000\040\004\067\004\060\004\111\004\070\004\102\004\103}{section.7}% 26
\BOOKMARK [2][-]{subsection.7.2}{\376\377\004\035\004\060\004\077\004\100\004\060\004\062\004\073\004\065\004\075\004\070\004\117\000\040\004\064\004\060\004\073\004\114\004\075\004\065\004\071\004\110\004\070\004\105\000\040\004\070\004\101\004\101\004\073\004\065\004\064\004\076\004\062\004\060\004\075\004\070\004\071}{section.7}% 27
\BOOKMARK [1][-]{subsection.7.2}{\376\377\004\041\004\077\004\070\004\101\004\076\004\072\000\040\004\073\004\070\004\102\004\065\004\100\004\060\004\102\004\103\004\100\004\113}{}% 28
