\BOOKMARK [1][-]{section.1}{\376\377\004\022\004\062\004\065\004\064\004\065\004\075\004\070\004\065}{}% 1
\BOOKMARK [1][-]{section.2}{\376\377\004\042\004\065\004\074\004\060\004\102\004\070\004\107\004\065\004\101\004\072\004\060\004\117\000\040\004\074\004\076\004\064\004\065\004\073\004\114\000\040\000P\000L\000S\000A}{}% 2
\BOOKMARK [1][-]{section.3}{\376\377\004\020\004\064\004\064\004\070\004\102\004\070\004\062\004\075\004\060\004\117\000\040\004\040\004\065\004\063\004\103\004\073\004\117\004\100\004\070\004\067\004\060\004\106\004\070\004\117\000\040\004\042\004\065\004\074\004\060\004\102\004\070\004\107\004\065\004\101\004\072\004\070\004\105\000\040\004\034\004\076\004\064\004\065\004\073\004\065\004\071}{}% 3
\BOOKMARK [1][-]{section.4}{\376\377\004\030\004\075\004\102\004\065\004\100\004\077\004\100\004\065\004\102\004\070\004\100\004\103\004\065\004\074\004\076\004\101\004\102\004\114\000\040\004\102\004\065\004\074}{}% 4
\BOOKMARK [1][-]{section.5}{\376\377\004\032\004\076\004\063\004\065\004\100\004\065\004\075\004\102\004\075\004\076\004\101\004\102\004\114\000\040\004\102\004\065\004\074}{}% 5
\BOOKMARK [1][-]{section.6}{\376\377\004\034\004\076\004\064\004\065\004\073\004\070\000\040\004\101\004\076\000-\004\062\004\101\004\102\004\100\004\065\004\107\004\060\004\065\004\074\004\076\004\101\004\102\004\065\004\071\000\040\004\102\004\076\004\072\004\065\004\075\004\076\004\062}{}% 6
\BOOKMARK [2][-]{subsection.6.1}{\376\377\000P\000P\000M\000I\000,\000\040\004\076\004\101\004\075\004\076\004\062\004\060\004\075\004\075\004\060\004\117\000\040\004\075\004\060\000\040\004\107\004\060\004\101\004\102\004\076\004\102\004\060\004\105\000\040\004\077\004\060\004\100\000\040\004\102\004\076\004\072\004\065\004\075\004\076\004\062}{section.6}% 7
\BOOKMARK [2][-]{subsection.6.2}{\376\377\000P\000P\000M\000I\000,\000\040\004\076\004\101\004\075\004\076\004\062\004\060\004\075\004\075\004\060\004\117\000\040\004\075\004\060\000\040\004\107\004\060\004\101\004\102\004\076\004\102\004\060\004\105\000\040\004\064\004\076\004\072\004\103\004\074\004\065\004\075\004\102\004\076\004\062}{section.6}% 8
\BOOKMARK [1][-]{section.7}{\376\377\004\040\004\065\004\063\004\103\004\073\004\117\004\100\004\070\004\067\004\060\004\102\004\076\004\100\000\040\004\072\004\076\004\063\004\065\004\100\004\065\004\075\004\102\004\075\004\076\004\101\004\102\004\070}{}% 9
\BOOKMARK [1][-]{section.8}{\376\377\004\020\004\073\004\063\004\076\004\100\004\070\004\102\004\074\000\040\004\077\004\076\004\064\004\101\004\107\004\121\004\102\004\060\000\040\004\101\004\076\000-\004\062\004\101\004\102\004\100\004\065\004\107\004\060\004\065\004\074\004\076\004\101\004\102\004\065\004\071}{}% 10
\BOOKMARK [2][-]{subsection.8.1}{\376\377\004\036\004\061\004\100\004\060\004\061\004\076\004\102\004\072\004\060\000\040\004\062\004\105\004\076\004\064\004\075\004\076\004\071\000\040\004\072\004\076\004\073\004\073\004\065\004\072\004\106\004\070\004\070}{section.8}% 11
\BOOKMARK [2][-]{subsection.8.2}{\376\377\004\020\004\063\004\100\004\065\004\063\004\060\004\106\004\070\004\117\000\040\004\101\004\076\004\061\004\100\004\060\004\075\004\075\004\076\004\071\000\040\004\101\004\102\004\060\004\102\004\070\004\101\004\102\004\070\004\072\004\070}{section.8}% 12
\BOOKMARK [2][-]{subsection.8.3}{\376\377\004\022\004\113\004\107\004\070\004\101\004\073\004\065\004\075\004\070\004\065\000\040\004\074\004\065\004\102\004\100\004\070\004\072}{section.8}% 13
\BOOKMARK [2][-]{subsection.8.4}{\376\377\004\042\004\100\004\065\004\061\004\076\004\062\004\060\004\075\004\070\004\117\000\040\004\072\000\040\004\072\004\076\004\073\004\073\004\065\004\072\004\106\004\070\004\070}{section.8}% 14
\BOOKMARK [2][-]{subsection.8.5}{\376\377\004\020\004\075\004\060\004\073\004\070\004\067\000\040\004\101\004\073\004\076\004\066\004\075\004\076\004\101\004\102\004\070}{section.8}% 15
\BOOKMARK [3][-]{subsubsection.8.5.1}{\376\377\004\020\004\075\004\060\004\073\004\070\004\067\000\040\004\077\004\065\004\100\004\062\004\076\004\063\004\076\000\040\004\115\004\102\004\060\004\077\004\060}{subsection.8.5}% 16
\BOOKMARK [3][-]{subsubsection.8.5.2}{\376\377\004\020\004\075\004\060\004\073\004\070\004\067\000\040\004\062\004\102\004\076\004\100\004\076\004\063\004\076\000\040\004\115\004\102\004\060\004\077\004\060}{subsection.8.5}% 17
\BOOKMARK [3][-]{subsubsection.8.5.3}{\376\377\004\020\004\075\004\060\004\073\004\070\004\067\000\040\004\102\004\100\004\065\004\102\004\114\004\065\004\063\004\076\000\040\004\115\004\102\004\060\004\077\004\060}{subsection.8.5}% 18
\BOOKMARK [3][-]{subsubsection.8.5.4}{\376\377\004\022\004\113\004\062\004\076\004\064\004\113\000\040\004\070\000\040\004\062\004\076\004\067\004\074\004\076\004\066\004\075\004\113\004\065\000\040\004\074\004\076\004\064\004\070\004\104\004\070\004\072\004\060\004\106\004\070\004\070}{subsection.8.5}% 19
\BOOKMARK [2][-]{subsection.8.6}{\376\377\004\040\004\065\004\060\004\073\004\070\004\067\004\060\004\106\004\070\004\117\000\040\004\060\004\073\004\063\004\076\004\100\004\070\004\102\004\074\004\060}{section.8}% 20
\BOOKMARK [1][-]{section.9}{\376\377\004\022\004\073\004\070\004\117\004\075\004\070\004\065\000\040\004\077\004\060\004\100\004\060\004\074\004\065\004\102\004\100\004\076\004\062\000\040\004\060\004\073\004\063\004\076\004\100\004\070\004\102\004\074\004\060}{}% 21
\BOOKMARK [2][-]{subsection.9.1}{\376\377\004\037\004\060\004\100\004\060\004\074\004\065\004\102\004\100\000\040\000b\000a\000t\000c\000h\000\137\000s\000i\000z\000e}{section.9}% 22
\BOOKMARK [3][-]{subsubsection.9.1.1}{\376\377\004\040\004\065\004\060\004\073\004\114\004\075\004\076\004\065\000\040\004\062\004\100\004\065\004\074\004\117\000\040\004\100\004\060\004\061\004\076\004\102\004\113\000\040\004\077\004\100\004\070\000\040\004\100\004\060\004\067\004\075\004\113\004\105\000\040\004\067\004\075\004\060\004\107\004\065\004\075\004\070\004\117\004\105\000\040\000b\000a\000t\000c\000h\000\137\000s\000i\000z\000e}{subsection.9.1}% 23
\BOOKMARK [3][-]{subsubsection.9.1.2}{\376\377\004\027\004\060\004\102\004\100\004\060\004\107\004\065\004\075\004\075\004\060\004\117\000\040\004\062\004\075\004\065\004\110\004\075\004\117\004\117\000\040\004\077\004\060\004\074\004\117\004\102\004\114\000\040\004\077\004\100\004\070\000\040\004\100\004\060\004\067\004\075\004\113\004\105\000\040\004\067\004\075\004\060\004\107\004\065\004\075\004\070\004\117\004\105\000\040\000b\000a\000t\000c\000h\000\137\000s\000i\000z\000e}{subsection.9.1}% 24
\BOOKMARK [2][-]{subsection.9.2}{\376\377\004\037\004\060\004\100\004\060\004\074\004\065\004\102\004\100\000\040\000m\000i\000n\000\137\000m\000e\000r\000g\000e\000\040\004\070\000\040\004\072\004\076\004\075\004\101\004\102\004\060\004\075\004\102\004\060\000\040\000m\000a\000x\000\137\000o\000p\000e\000n}{section.9}% 25
\BOOKMARK [2][-]{subsection.9.3}{\376\377\004\022\004\113\004\062\004\076\004\064\004\113\000\040\004\077\004\076\000\040\004\060\004\073\004\063\004\076\004\100\004\070\004\102\004\074\004\103}{section.9}% 26
\BOOKMARK [1][-]{section.10}{\376\377\004\043\004\062\004\065\004\073\004\070\004\107\004\065\004\075\004\070\004\065\000\040\004\072\004\076\004\063\004\065\004\100\004\065\004\075\004\102\004\075\004\076\004\101\004\102\004\070}{}% 27
\BOOKMARK [2][-]{subsection.10.1}{\376\377\004\036\004\061\004\103\004\107\004\065\004\075\004\070\004\065\000\040\004\074\004\076\004\064\004\065\004\073\004\070\000\040\000P\000L\000S\000A}{section.10}% 28
\BOOKMARK [1][-]{subsection.10.1}{\376\377\004\041\004\077\004\070\004\101\004\076\004\072\000\040\004\073\004\070\004\102\004\065\004\100\004\060\004\102\004\103\004\100\004\113}{}% 29
