This is pdfTeX, Version 3.14159265-2.6-1.40.18 (TeX Live 2017/Arch Linux) (preloaded format=pdflatex 2018.6.14)  14 JUN 2018 21:20
entering extended mode
 restricted \write18 enabled.
 %&-line parsing enabled.
**fish-diplo.tex
(./fish-diplo.tex
LaTeX2e <2017-04-15>
Babel <3.18> and hyphenation patterns for 84 language(s) loaded.
(/usr/share/texmf-dist/tex/latex/base/article.cls
Document Class: article 2014/09/29 v1.4h Standard LaTeX document class
(/usr/share/texmf-dist/tex/latex/base/fleqn.clo
File: fleqn.clo 2016/12/29 v1.2a Standard LaTeX option (flush left equations)
\mathindent=\dimen102
Applying: [2015/01/01] Make \[ robust on input line 50.
LaTeX Info: Redefining \[ on input line 51.
Already applied: [0000/00/00] Make \[ robust on input line 62.
Applying: [2015/01/01] Make \] robust on input line 74.
LaTeX Info: Redefining \] on input line 75.
Already applied: [0000/00/00] Make \] robust on input line 83.
)
(/usr/share/texmf-dist/tex/latex/base/size12.clo
File: size12.clo 2014/09/29 v1.4h Standard LaTeX file (size option)
)
\c@part=\count79
\c@section=\count80
\c@subsection=\count81
\c@subsubsection=\count82
\c@paragraph=\count83
\c@subparagraph=\count84
\c@figure=\count85
\c@table=\count86
\abovecaptionskip=\skip41
\belowcaptionskip=\skip42
\bibindent=\dimen103
)
(/usr/share/texmf-dist/tex/latex/cmap/cmap.sty
Package: cmap 2008/03/06 v1.0h CMap support: searchable PDF
)
(/usr/share/texmf-dist/tex/latex/base/inputenc.sty
Package: inputenc 2015/03/17 v1.2c Input encoding file
\inpenc@prehook=\toks14
\inpenc@posthook=\toks15

(/usr/share/texmf-dist/tex/latex/cyrillic/cp1251.def
File: cp1251.def 2014/10/28 v1.0d Input encoding file
))
(/usr/share/texmf-dist/tex/latex/amsfonts/amssymb.sty
Package: amssymb 2013/01/14 v3.01 AMS font symbols

(/usr/share/texmf-dist/tex/latex/amsfonts/amsfonts.sty
Package: amsfonts 2013/01/14 v3.01 Basic AMSFonts support
\@emptytoks=\toks16
\symAMSa=\mathgroup4
\symAMSb=\mathgroup5
LaTeX Font Info:    Overwriting math alphabet `\mathfrak' in version `bold'
(Font)                  U/euf/m/n --> U/euf/b/n on input line 106.
))
(/usr/share/texmf-dist/tex/latex/amsmath/amsmath.sty
Package: amsmath 2017/09/02 v2.17a AMS math features
\@mathmargin=\skip43

For additional information on amsmath, use the `?' option.
(/usr/share/texmf-dist/tex/latex/amsmath/amstext.sty
Package: amstext 2000/06/29 v2.01 AMS text

(/usr/share/texmf-dist/tex/latex/amsmath/amsgen.sty
File: amsgen.sty 1999/11/30 v2.0 generic functions
\@emptytoks=\toks17
\ex@=\dimen104
))
(/usr/share/texmf-dist/tex/latex/amsmath/amsbsy.sty
Package: amsbsy 1999/11/29 v1.2d Bold Symbols
\pmbraise@=\dimen105
)
(/usr/share/texmf-dist/tex/latex/amsmath/amsopn.sty
Package: amsopn 2016/03/08 v2.02 operator names
)
\inf@bad=\count87
LaTeX Info: Redefining \frac on input line 213.
\uproot@=\count88
\leftroot@=\count89
LaTeX Info: Redefining \overline on input line 375.
\classnum@=\count90
\DOTSCASE@=\count91
LaTeX Info: Redefining \ldots on input line 472.
LaTeX Info: Redefining \dots on input line 475.
LaTeX Info: Redefining \cdots on input line 596.
\Mathstrutbox@=\box26
\strutbox@=\box27
\big@size=\dimen106
LaTeX Font Info:    Redeclaring font encoding OML on input line 712.
LaTeX Font Info:    Redeclaring font encoding OMS on input line 713.
\macc@depth=\count92
\c@MaxMatrixCols=\count93
\dotsspace@=\muskip10
\c@parentequation=\count94
\dspbrk@lvl=\count95
\tag@help=\toks18
\row@=\count96
\column@=\count97
\maxfields@=\count98
\andhelp@=\toks19
\eqnshift@=\dimen107
\alignsep@=\dimen108
\tagshift@=\dimen109
\tagwidth@=\dimen110
\totwidth@=\dimen111
\lineht@=\dimen112
\@envbody=\toks20
\multlinegap=\skip44
\multlinetaggap=\skip45
\mathdisplay@stack=\toks21
LaTeX Info: Redefining \[ on input line 2817.
LaTeX Info: Redefining \] on input line 2818.
)
(/usr/share/texmf-dist/tex/latex/jknapltx/mathrsfs.sty
Package: mathrsfs 1996/01/01 Math RSFS package v1.0 (jk)
\symrsfs=\mathgroup6
)
(/usr/share/texmf-dist/tex/generic/babel/babel.sty
Package: babel 2018/02/14 3.18 The Babel package

(/usr/share/texmf-dist/tex/generic/babel/switch.def
File: switch.def 2018/02/14 3.18 Babel switching mechanism
)
(/usr/share/texmf-dist/tex/generic/babel-russian/russianb.ldf
Language: russian 2017/08/12 1.3j Russian support for the Babel system

(/usr/share/texmf-dist/tex/generic/babel/babel.def
File: babel.def 2018/02/14 3.18 Babel common definitions
\babel@savecnt=\count99
\U@D=\dimen113

(/usr/share/texmf-dist/tex/generic/babel/txtbabel.def)
\bbl@dirlevel=\count100
)

Package babel Warning: No Cyrillic font encoding has been loaded so far.
(babel)                A font encoding should be declared before babel.
(babel)                Default `T2A' encoding will be loaded  on input line 74.


(/usr/share/texmf-dist/tex/latex/cyrillic/t2aenc.def
File: t2aenc.def 2005/09/27 v1.0i Cyrillic encoding definition file
)
Package babel Info: Making " an active character on input line 120.
Package babel Info: Default for \cyrdash is provided on input line 157.
))
(/usr/share/texmf-dist/tex/latex/tools/theorem.sty
Package: theorem 2014/10/28 v2.2c Theorem extension package (FMi)
\theorem@style=\toks22
\theorem@bodyfont=\toks23
\theorempreskipamount=\skip46
\theorempostskipamount=\skip47

(/usr/share/texmf-dist/tex/latex/tools/thp.sty
File: thp.sty 2014/10/28 v2.2c Theorem extension package (FMi)
))
(/usr/share/texmf-dist/tex/latex/graphics/graphicx.sty
Package: graphicx 2017/06/01 v1.1a Enhanced LaTeX Graphics (DPC,SPQR)

(/usr/share/texmf-dist/tex/latex/graphics/keyval.sty
Package: keyval 2014/10/28 v1.15 key=value parser (DPC)
\KV@toks@=\toks24
)
(/usr/share/texmf-dist/tex/latex/graphics/graphics.sty
Package: graphics 2017/06/25 v1.2c Standard LaTeX Graphics (DPC,SPQR)

(/usr/share/texmf-dist/tex/latex/graphics/trig.sty
Package: trig 2016/01/03 v1.10 sin cos tan (DPC)
)
(/usr/share/texmf-dist/tex/latex/graphics-cfg/graphics.cfg
File: graphics.cfg 2016/06/04 v1.11 sample graphics configuration
)
Package graphics Info: Driver file: pdftex.def on input line 99.

(/usr/share/texmf-dist/tex/latex/graphics-def/pdftex.def
File: pdftex.def 2018/01/08 v1.0l Graphics/color driver for pdftex
))
\Gin@req@height=\dimen114
\Gin@req@width=\dimen115
)
(/usr/share/texmf-dist/tex/latex/tools/array.sty
Package: array 2016/10/06 v2.4d Tabular extension package (FMi)
\col@sep=\dimen116
\extrarowheight=\dimen117
\NC@list=\toks25
\extratabsurround=\skip48
\backup@length=\skip49
)
(/usr/share/texmf-dist/tex/latex/algorithm2e/algorithm2e.sty
Package: algorithm2e 2017/07/18 v5.2 algorithms environments
\c@AlgoLine=\count101

(/usr/share/texmf-dist/tex/latex/base/ifthen.sty
Package: ifthen 2014/09/29 v1.1c Standard LaTeX ifthen package (DPC)
)
\algocf@hangindent=\skip50

(/usr/share/texmf-dist/tex/latex/ifoddpage/ifoddpage.sty
Package: ifoddpage 2016/04/23 v1.1 Conditionals for odd/even page detection
\c@checkoddpage=\count102
)
(/usr/share/texmf-dist/tex/latex/tools/xspace.sty
Package: xspace 2014/10/28 v1.13 Space after command names (DPC,MH)
)
(/usr/share/texmf-dist/tex/latex/relsize/relsize.sty
Package: relsize 2013/03/29 ver 4.1
)
\skiptotal=\skip51
\skiplinenumber=\skip52
\skiprule=\skip53
\skiphlne=\skip54
\skiptext=\skip55
\skiplength=\skip56
\algomargin=\skip57
\skipalgocfslide=\skip58
\algowidth=\dimen118
\inoutsize=\dimen119
\inoutindent=\dimen120
\interspacetitleruled=\dimen121
\interspacealgoruled=\dimen122
\interspacetitleboxruled=\dimen123
\algocf@ruledwidth=\skip59
\algocf@inoutbox=\box28
\algocf@inputbox=\box29
\AlCapSkip=\skip60
\AlCapHSkip=\skip61
\algoskipindent=\skip62
\algocf@nlbox=\box30
\algocf@hangingbox=\box31
\algocf@untilbox=\box32
\algocf@skipuntil=\skip63
\algocf@capbox=\box33
\algocf@lcaptionbox=\skip64
\algoheightruledefault=\skip65
\algoheightrule=\skip66
\algotitleheightruledefault=\skip67
\algotitleheightrule=\skip68
\c@algocfline=\count103
\c@algocfproc=\count104
\c@algocf=\count105
\algocf@algoframe=\box34
\algocf@algobox=\box35
)
(/usr/share/texmf-dist/tex/latex/caption/caption2.sty
Package: caption2 2015/09/15 v2.2-100 Customising captions (AR)


Package caption2 Warning: ****************************************************
(caption2)                THIS PACKAGE IS OBSOLETE:
(caption2)                This package attempts to provide an `caption2'
(caption2)                package v2.0/2.1 author environment so that OLD
(caption2)                documents can be successfully processed. It should
(caption2)                NOT be used for NEW documents! New documents should
(caption2)                use the regular `caption' package v3.x instead.
(caption2)                ****************************************************

(/usr/share/texmf-dist/tex/latex/caption/caption3.sty
Package: caption3 2016/05/22 v1.7-166 caption3 kernel (AR)
Package caption3 Info: TeX engine: e-TeX on input line 67.
\captionmargin=\dimen124
\captionmargin@=\dimen125
\captionwidth=\dimen126
\caption@tempdima=\dimen127
\caption@indent=\dimen128
\caption@parindent=\dimen129
\caption@hangindent=\dimen130
)
Package caption2 Info: Running in caption2 v2.0 compatibility mode on input lin
e 221.
\captionlinewidth=\dimen131
\realcaptionwidth=\dimen132
)
(/usr/share/texmf-dist/tex/latex/listings/listings.sty
\lst@mode=\count106
\lst@gtempboxa=\box36
\lst@token=\toks26
\lst@length=\count107
\lst@currlwidth=\dimen133
\lst@column=\count108
\lst@pos=\count109
\lst@lostspace=\dimen134
\lst@width=\dimen135
\lst@newlines=\count110
\lst@lineno=\count111
\lst@maxwidth=\dimen136

(/usr/share/texmf-dist/tex/latex/listings/lstmisc.sty
File: lstmisc.sty 2015/06/04 1.6 (Carsten Heinz)
\c@lstnumber=\count112
\lst@skipnumbers=\count113
\lst@framebox=\box37
)
(/usr/share/texmf-dist/tex/latex/listings/listings.cfg
File: listings.cfg 2015/06/04 1.6 listings configuration
))
Package: listings 2015/06/04 1.6 (Carsten Heinz)

(/usr/share/texmf-dist/tex/latex/setspace/setspace.sty
Package: setspace 2011/12/19 v6.7a set line spacing
)
(/usr/share/texmf-dist/tex/latex/xcolor/xcolor.sty
Package: xcolor 2016/05/11 v2.12 LaTeX color extensions (UK)

(/usr/share/texmf-dist/tex/latex/graphics-cfg/color.cfg
File: color.cfg 2016/01/02 v1.6 sample color configuration
)
Package xcolor Info: Driver file: pdftex.def on input line 225.
Package xcolor Info: Model `cmy' substituted by `cmy0' on input line 1348.
Package xcolor Info: Model `hsb' substituted by `rgb' on input line 1352.
Package xcolor Info: Model `RGB' extended on input line 1364.
Package xcolor Info: Model `HTML' substituted by `rgb' on input line 1366.
Package xcolor Info: Model `Hsb' substituted by `hsb' on input line 1367.
Package xcolor Info: Model `tHsb' substituted by `hsb' on input line 1368.
Package xcolor Info: Model `HSB' substituted by `hsb' on input line 1369.
Package xcolor Info: Model `Gray' substituted by `gray' on input line 1370.
Package xcolor Info: Model `wave' substituted by `hsb' on input line 1371.
)
(/usr/share/texmf-dist/tex/latex/hyperref/hyperref.sty
Package: hyperref 2018/02/06 v6.86b Hypertext links for LaTeX

(/usr/share/texmf-dist/tex/generic/oberdiek/hobsub-hyperref.sty
Package: hobsub-hyperref 2016/05/16 v1.14 Bundle oberdiek, subset hyperref (HO)


(/usr/share/texmf-dist/tex/generic/oberdiek/hobsub-generic.sty
Package: hobsub-generic 2016/05/16 v1.14 Bundle oberdiek, subset generic (HO)
Package: hobsub 2016/05/16 v1.14 Construct package bundles (HO)
Package: infwarerr 2016/05/16 v1.4 Providing info/warning/error messages (HO)
Package: ltxcmds 2016/05/16 v1.23 LaTeX kernel commands for general use (HO)
Package: ifluatex 2016/05/16 v1.4 Provides the ifluatex switch (HO)
Package ifluatex Info: LuaTeX not detected.
Package: ifvtex 2016/05/16 v1.6 Detect VTeX and its facilities (HO)
Package ifvtex Info: VTeX not detected.
Package: intcalc 2016/05/16 v1.2 Expandable calculations with integers (HO)
Package: ifpdf 2017/03/15 v3.2 Provides the ifpdf switch
Package: etexcmds 2016/05/16 v1.6 Avoid name clashes with e-TeX commands (HO)
Package etexcmds Info: Could not find \expanded.
(etexcmds)             That can mean that you are not using pdfTeX 1.50 or
(etexcmds)             that some package has redefined \expanded.
(etexcmds)             In the latter case, load this package earlier.
Package: kvsetkeys 2016/05/16 v1.17 Key value parser (HO)
Package: kvdefinekeys 2016/05/16 v1.4 Define keys (HO)
Package: pdftexcmds 2018/01/21 v0.26 Utility functions of pdfTeX for LuaTeX (HO
)
Package pdftexcmds Info: LuaTeX not detected.
Package pdftexcmds Info: \pdf@primitive is available.
Package pdftexcmds Info: \pdf@ifprimitive is available.
Package pdftexcmds Info: \pdfdraftmode found.
Package: pdfescape 2016/05/16 v1.14 Implements pdfTeX's escape features (HO)
Package: bigintcalc 2016/05/16 v1.4 Expandable calculations on big integers (HO
)
Package: bitset 2016/05/16 v1.2 Handle bit-vector datatype (HO)
Package: uniquecounter 2016/05/16 v1.3 Provide unlimited unique counter (HO)
)
Package hobsub Info: Skipping package `hobsub' (already loaded).
Package: letltxmacro 2016/05/16 v1.5 Let assignment for LaTeX macros (HO)
Package: hopatch 2016/05/16 v1.3 Wrapper for package hooks (HO)
Package: xcolor-patch 2016/05/16 xcolor patch
Package: atveryend 2016/05/16 v1.9 Hooks at the very end of document (HO)
Package atveryend Info: \enddocument detected (standard20110627).
Package: atbegshi 2016/06/09 v1.18 At begin shipout hook (HO)
Package: refcount 2016/05/16 v3.5 Data extraction from label references (HO)
Package: hycolor 2016/05/16 v1.8 Color options for hyperref/bookmark (HO)
)
(/usr/share/texmf-dist/tex/generic/ifxetex/ifxetex.sty
Package: ifxetex 2010/09/12 v0.6 Provides ifxetex conditional
)
(/usr/share/texmf-dist/tex/latex/oberdiek/auxhook.sty
Package: auxhook 2016/05/16 v1.4 Hooks for auxiliary files (HO)
)
(/usr/share/texmf-dist/tex/latex/oberdiek/kvoptions.sty
Package: kvoptions 2016/05/16 v3.12 Key value format for package options (HO)
)
\@linkdim=\dimen137
\Hy@linkcounter=\count114
\Hy@pagecounter=\count115

(/usr/share/texmf-dist/tex/latex/hyperref/pd1enc.def
File: pd1enc.def 2018/02/06 v6.86b Hyperref: PDFDocEncoding definition (HO)
)
\Hy@SavedSpaceFactor=\count116
Package hyperref Info: Option `unicode' set `true' on input line 3456.

(/usr/share/texmf-dist/tex/latex/hyperref/puenc.def
File: puenc.def 2018/02/06 v6.86b Hyperref: PDF Unicode definition (HO)
)
(/usr/share/texmf-dist/tex/latex/latexconfig/hyperref.cfg
File: hyperref.cfg 2002/06/06 v1.2 hyperref configuration of TeXLive
)
Package hyperref Info: Option `unicode' set `true' on input line 4383.
Package hyperref Info: Hyper figures OFF on input line 4509.
Package hyperref Info: Link nesting OFF on input line 4514.
Package hyperref Info: Hyper index ON on input line 4517.
Package hyperref Info: Plain pages OFF on input line 4524.
Package hyperref Info: Backreferencing OFF on input line 4529.
Package hyperref Info: Implicit mode ON; LaTeX internals redefined.
Package hyperref Info: Bookmarks ON on input line 4762.
\c@Hy@tempcnt=\count117

(/usr/share/texmf-dist/tex/latex/url/url.sty
\Urlmuskip=\muskip11
Package: url 2013/09/16  ver 3.4  Verb mode for urls, etc.
)
LaTeX Info: Redefining \url on input line 5115.
\XeTeXLinkMargin=\dimen138
\Fld@menulength=\count118
\Field@Width=\dimen139
\Fld@charsize=\dimen140
Package hyperref Info: Hyper figures OFF on input line 6369.
Package hyperref Info: Link nesting OFF on input line 6374.
Package hyperref Info: Hyper index ON on input line 6377.
Package hyperref Info: backreferencing OFF on input line 6384.
Package hyperref Info: Link coloring OFF on input line 6389.
Package hyperref Info: Link coloring with OCG OFF on input line 6394.
Package hyperref Info: PDF/A mode OFF on input line 6399.
LaTeX Info: Redefining \ref on input line 6439.
LaTeX Info: Redefining \pageref on input line 6443.
\Hy@abspage=\count119
\c@Item=\count120
\c@Hfootnote=\count121
)
Package hyperref Info: Driver (autodetected): hpdftex.

(/usr/share/texmf-dist/tex/latex/hyperref/hpdftex.def
File: hpdftex.def 2018/02/06 v6.86b Hyperref driver for pdfTeX
\Fld@listcount=\count122
\c@bookmark@seq@number=\count123

(/usr/share/texmf-dist/tex/latex/oberdiek/rerunfilecheck.sty
Package: rerunfilecheck 2016/05/16 v1.8 Rerun checks for auxiliary files (HO)
Package uniquecounter Info: New unique counter `rerunfilecheck' on input line 2
82.
)
\Hy@SectionHShift=\skip69
)<<ot1.cmap>>
\c@Theorem=\count124
\c@Lemma=\count125
\c@Corr=\count126

(./fish-diplo.aux
LaTeX Font Info:    Try loading font information for T2A+cmr on input line 21.
 (/usr/share/texmf-dist/tex/latex/cyrillic/t2acmr.fd
File: t2acmr.fd 2001/08/11 v1.0a Computer Modern Cyrillic font definitions
)<<t2a.cmap>>)
\openout1 = `fish-diplo.aux'.

LaTeX Font Info:    Checking defaults for OML/cmm/m/it on input line 180.
LaTeX Font Info:    ... okay on input line 180.
LaTeX Font Info:    Checking defaults for T1/cmr/m/n on input line 180.
LaTeX Font Info:    ... okay on input line 180.
LaTeX Font Info:    Checking defaults for OT1/cmr/m/n on input line 180.
LaTeX Font Info:    ... okay on input line 180.
LaTeX Font Info:    Checking defaults for OMS/cmsy/m/n on input line 180.
LaTeX Font Info:    ... okay on input line 180.
LaTeX Font Info:    Checking defaults for OMX/cmex/m/n on input line 180.
LaTeX Font Info:    ... okay on input line 180.
LaTeX Font Info:    Checking defaults for U/cmr/m/n on input line 180.
LaTeX Font Info:    ... okay on input line 180.
LaTeX Font Info:    Checking defaults for T2A/cmr/m/n on input line 180.
LaTeX Font Info:    ... okay on input line 180.
LaTeX Font Info:    Checking defaults for PD1/pdf/m/n on input line 180.
LaTeX Font Info:    ... okay on input line 180.
LaTeX Font Info:    Checking defaults for PU/pdf/m/n on input line 180.
LaTeX Font Info:    ... okay on input line 180.
 (/usr/share/texmf-dist/tex/context/base/mkii/supp-pdf.mkii
[Loading MPS to PDF converter (version 2006.09.02).]
\scratchcounter=\count127
\scratchdimen=\dimen141
\scratchbox=\box38
\nofMPsegments=\count128
\nofMParguments=\count129
\everyMPshowfont=\toks27
\MPscratchCnt=\count130
\MPscratchDim=\dimen142
\MPnumerator=\count131
\makeMPintoPDFobject=\count132
\everyMPtoPDFconversion=\toks28
) (/usr/share/texmf-dist/tex/latex/oberdiek/epstopdf-base.sty
Package: epstopdf-base 2016/05/15 v2.6 Base part for package epstopdf

(/usr/share/texmf-dist/tex/latex/oberdiek/grfext.sty
Package: grfext 2016/05/16 v1.2 Manage graphics extensions (HO)
)
Package epstopdf-base Info: Redefining graphics rule for `.eps' on input line 4
38.
Package grfext Info: Graphics extension search list:
(grfext)             [.pdf,.png,.jpg,.mps,.jpeg,.jbig2,.jb2,.PDF,.PNG,.JPG,.JPE
G,.JBIG2,.JB2,.eps]
(grfext)             \AppendGraphicsExtensions on input line 456.

(/usr/share/texmf-dist/tex/latex/latexconfig/epstopdf-sys.cfg
File: epstopdf-sys.cfg 2010/07/13 v1.3 Configuration of (r)epstopdf for TeX Liv
e
))
Package caption Info: Begin \AtBeginDocument code.
Package caption Info: End \AtBeginDocument code.
\c@lstlisting=\count133
\AtBeginShipoutBox=\box39
Package hyperref Info: Link coloring OFF on input line 180.

(/usr/share/texmf-dist/tex/latex/hyperref/nameref.sty
Package: nameref 2016/05/21 v2.44 Cross-referencing by name of section

(/usr/share/texmf-dist/tex/generic/oberdiek/gettitlestring.sty
Package: gettitlestring 2016/05/16 v1.5 Cleanup title references (HO)
)
\c@section@level=\count134
)
LaTeX Info: Redefining \ref on input line 180.
LaTeX Info: Redefining \pageref on input line 180.
LaTeX Info: Redefining \nameref on input line 180.

(./fish-diplo.out) (./fish-diplo.out)
\@outlinefile=\write3
\openout3 = `fish-diplo.out'.

Package epstopdf Info: Source file: <msu.eps>
(epstopdf)                    date: 2010-04-08 15:48:36
(epstopdf)                    size: 84326 bytes
(epstopdf)             Output file: <msu-eps-converted-to.pdf>
(epstopdf)                    date: 2018-05-02 12:54:32
(epstopdf)                    size: 17827 bytes
(epstopdf)             Command: <repstopdf --outfile=msu-eps-converted-to.pdf m
su.eps>
(epstopdf)             \includegraphics on input line 188.
Package epstopdf Info: Output file is already uptodate.
<msu-eps-converted-to.pdf, id=117, 1188.44pt x 540.0175pt>
File: msu-eps-converted-to.pdf Graphic file (type pdf)
<use msu-eps-converted-to.pdf>
Package pdftex.def Info: msu-eps-converted-to.pdf  used on input line 188.
(pdftex.def)             Requested size: 199.16928pt x 90.49983pt.
LaTeX Font Info:    Try loading font information for T2A+cmss on input line 199
.

(/usr/share/texmf-dist/tex/latex/cyrillic/t2acmss.fd
File: t2acmss.fd 2001/08/11 v1.0a Computer Modern Cyrillic font definitions
)<<oml.cmap>><<oms.cmap>><<omx.cmap>>
LaTeX Font Info:    Try loading font information for U+msa on input line 211.
 (/usr/share/texmf-dist/tex/latex/amsfonts/umsa.fd
File: umsa.fd 2013/01/14 v3.01 AMS symbols A
)
LaTeX Font Info:    Try loading font information for U+msb on input line 211.

(/usr/share/texmf-dist/tex/latex/amsfonts/umsb.fd
File: umsb.fd 2013/01/14 v3.01 AMS symbols B
)
LaTeX Font Info:    Try loading font information for U+rsfs on input line 211.

(/usr/share/texmf-dist/tex/latex/jknapltx/ursfs.fd
File: ursfs.fd 1998/03/24 rsfs font definition file (jk)
)
Package babel Info: Redefining russian shorthand "|
(babel)             in language  on input line 217.
Package babel Info: Redefining russian shorthand "~
(babel)             in language  on input line 217.
Package babel Info: Redefining russian shorthand "|
(babel)             in language  on input line 217.
Package babel Info: Redefining russian shorthand "~
(babel)             in language  on input line 217.
 [1

{/var/lib/texmf/fonts/map/pdftex/updmap/pdftex.map} <./msu-eps-converted-to.pdf
>] (./fish-diplo.toc)
\tf@toc=\write4
\openout4 = `fish-diplo.toc'.

Package babel Info: Redefining russian shorthand "|
(babel)             in language  on input line 223.
Package babel Info: Redefining russian shorthand "~
(babel)             in language  on input line 223.
Package babel Info: Redefining russian shorthand "|
(babel)             in language  on input line 223.
Package babel Info: Redefining russian shorthand "~
(babel)             in language  on input line 223.
pdfTeX warning (ext4): destination with the same identifier (name{page.1}) has 
been already used, duplicate ignored
<to be read again> 
                   \relax 
l.223 \newpage
               [1]
Package babel Info: Redefining russian shorthand "|
(babel)             in language  on input line 228.
Package babel Info: Redefining russian shorthand "~
(babel)             in language  on input line 228.
Package babel Info: Redefining russian shorthand "|
(babel)             in language  on input line 237.
Package babel Info: Redefining russian shorthand "~
(babel)             in language  on input line 237.
Package babel Info: Redefining russian shorthand "|
(babel)             in language  on input line 237.
Package babel Info: Redefining russian shorthand "~
(babel)             in language  on input line 237.
 [2]
Package babel Info: Redefining russian shorthand "|
(babel)             in language  on input line 239.
Package babel Info: Redefining russian shorthand "~
(babel)             in language  on input line 239.
Package babel Info: Redefining russian shorthand "|
(babel)             in language  on input line 254.
Package babel Info: Redefining russian shorthand "~
(babel)             in language  on input line 254.
Package babel Info: Redefining russian shorthand "|
(babel)             in language  on input line 257.
Package babel Info: Redefining russian shorthand "~
(babel)             in language  on input line 257.
Package babel Info: Redefining russian shorthand "|
(babel)             in language  on input line 257.
Package babel Info: Redefining russian shorthand "~
(babel)             in language  on input line 257.
 [3]
Package babel Info: Redefining russian shorthand "|
(babel)             in language  on input line 257.
Package babel Info: Redefining russian shorthand "~
(babel)             in language  on input line 257.
Package babel Info: Redefining russian shorthand "|
(babel)             in language  on input line 265.
Package babel Info: Redefining russian shorthand "~
(babel)             in language  on input line 265.
Package babel Info: Redefining russian shorthand "|
(babel)             in language  on input line 277.
Package babel Info: Redefining russian shorthand "~
(babel)             in language  on input line 277.
Package babel Info: Redefining russian shorthand "|
(babel)             in language  on input line 280.
Package babel Info: Redefining russian shorthand "~
(babel)             in language  on input line 280.
Package babel Info: Redefining russian shorthand "|
(babel)             in language  on input line 280.
Package babel Info: Redefining russian shorthand "~
(babel)             in language  on input line 280.
 [4]
Package babel Info: Redefining russian shorthand "|
(babel)             in language  on input line 297.
Package babel Info: Redefining russian shorthand "~
(babel)             in language  on input line 297.
LaTeX Font Info:    Try loading font information for OMS+cmr on input line 300.

 (/usr/share/texmf-dist/tex/latex/base/omscmr.fd
File: omscmr.fd 2014/09/29 v2.5h Standard LaTeX font definitions
)
LaTeX Font Info:    Font shape `OMS/cmr/m/n' in size <12> not available
(Font)              Font shape `OMS/cmsy/m/n' tried instead on input line 300.
Package babel Info: Redefining russian shorthand "|
(babel)             in language  on input line 311.
Package babel Info: Redefining russian shorthand "~
(babel)             in language  on input line 311.
Package babel Info: Redefining russian shorthand "|
(babel)             in language  on input line 313.
Package babel Info: Redefining russian shorthand "~
(babel)             in language  on input line 313.
Package babel Info: Redefining russian shorthand "|
(babel)             in language  on input line 313.
Package babel Info: Redefining russian shorthand "~
(babel)             in language  on input line 313.
[5]
Package babel Info: Redefining russian shorthand "|
(babel)             in language  on input line 340.
Package babel Info: Redefining russian shorthand "~
(babel)             in language  on input line 340.
Package babel Info: Redefining russian shorthand "|
(babel)             in language  on input line 342.
Package babel Info: Redefining russian shorthand "~
(babel)             in language  on input line 342.
Package babel Info: Redefining russian shorthand "|
(babel)             in language  on input line 342.
Package babel Info: Redefining russian shorthand "~
(babel)             in language  on input line 342.
 [6]
Package babel Info: Redefining russian shorthand "|
(babel)             in language  on input line 372.
Package babel Info: Redefining russian shorthand "~
(babel)             in language  on input line 372.

Underfull \vbox (badness 10000) has occurred while \output is active []

Package babel Info: Redefining russian shorthand "|
(babel)             in language  on input line 388.
Package babel Info: Redefining russian shorthand "~
(babel)             in language  on input line 388.
Package babel Info: Redefining russian shorthand "|
(babel)             in language  on input line 388.
Package babel Info: Redefining russian shorthand "~
(babel)             in language  on input line 388.
 [7]
Package babel Info: Redefining russian shorthand "|
(babel)             in language  on input line 388.
Package babel Info: Redefining russian shorthand "~
(babel)             in language  on input line 388.
Package babel Info: Redefining russian shorthand "|
(babel)             in language  on input line 398.
Package babel Info: Redefining russian shorthand "~
(babel)             in language  on input line 398.
Package babel Info: Redefining russian shorthand "|
(babel)             in language  on input line 399.
Package babel Info: Redefining russian shorthand "~
(babel)             in language  on input line 399.
Package babel Info: Redefining russian shorthand "|
(babel)             in language  on input line 403.
Package babel Info: Redefining russian shorthand "~
(babel)             in language  on input line 403.
Package babel Info: Redefining russian shorthand "|
(babel)             in language  on input line 403.
Package babel Info: Redefining russian shorthand "~
(babel)             in language  on input line 403.

[8]
Package babel Info: Redefining russian shorthand "|
(babel)             in language  on input line 404.
Package babel Info: Redefining russian shorthand "~
(babel)             in language  on input line 404.
Package babel Info: Redefining russian shorthand "|
(babel)             in language  on input line 409.
Package babel Info: Redefining russian shorthand "~
(babel)             in language  on input line 409.
Package babel Info: Redefining russian shorthand "|
(babel)             in language  on input line 412.
Package babel Info: Redefining russian shorthand "~
(babel)             in language  on input line 412.
LaTeX Font Info:    Try loading font information for T2A+cmtt on input line 416
.
 (/usr/share/texmf-dist/tex/latex/cyrillic/t2acmtt.fd
File: t2acmtt.fd 2001/08/11 v1.0a Computer Modern Cyrillic font definitions
)
Package babel Info: Redefining russian shorthand "|
(babel)             in language  on input line 425.
Package babel Info: Redefining russian shorthand "~
(babel)             in language  on input line 425.
Package babel Info: Redefining russian shorthand "|
(babel)             in language  on input line 429.
Package babel Info: Redefining russian shorthand "~
(babel)             in language  on input line 429.
Package babel Info: Redefining russian shorthand "|
(babel)             in language  on input line 429.
Package babel Info: Redefining russian shorthand "~
(babel)             in language  on input line 429.
 [9]
Package babel Info: Redefining russian shorthand "|
(babel)             in language  on input line 432.
Package babel Info: Redefining russian shorthand "~
(babel)             in language  on input line 432.
<wall_time_mmro.pdf, id=281, 391.66327pt x 284.15158pt>
File: wall_time_mmro.pdf Graphic file (type pdf)
<use wall_time_mmro.pdf>
Package pdftex.def Info: wall_time_mmro.pdf  used on input line 436.
(pdftex.def)             Requested size: 195.83115pt x 142.07544pt.
<wall_time_wiki_cut.pdf, id=282, 391.66327pt x 284.51231pt>
File: wall_time_wiki_cut.pdf Graphic file (type pdf)
<use wall_time_wiki_cut.pdf>
Package pdftex.def Info: wall_time_wiki_cut.pdf  used on input line 437.
(pdftex.def)             Requested size: 195.83115pt x 142.2558pt.

Overfull \hbox (0.45418pt too wide) in paragraph at lines 444--445
[]\T2A/cmr/m/n/12 8446835 ста-тей ан-глий-ской ¬и-ки-пе-дии, 8272855 уни-каль-н
ых то-ке-нов, 3832966193
 []

Package babel Info: Redefining russian shorthand "|
(babel)             in language  on input line 450.
Package babel Info: Redefining russian shorthand "~
(babel)             in language  on input line 450.
Package babel Info: Redefining russian shorthand "|
(babel)             in language  on input line 450.
Package babel Info: Redefining russian shorthand "~
(babel)             in language  on input line 450.
[10 <./wall_time_mmro.pdf> <./wall_time_wiki_cut.pdf

pdfTeX warning: /usr/bin/pdflatex (file ./wall_time_wiki_cut.pdf): PDF inclusio
n: multiple pdfs with page group included in a single page
>]
Package babel Info: Redefining russian shorthand "|
(babel)             in language  on input line 450.
Package babel Info: Redefining russian shorthand "~
(babel)             in language  on input line 450.
<memory_mmro.pdf, id=376, 394.62746pt x 290.51003pt>
File: memory_mmro.pdf Graphic file (type pdf)
<use memory_mmro.pdf>
Package pdftex.def Info: memory_mmro.pdf  used on input line 454.
(pdftex.def)             Requested size: 197.31325pt x 145.25465pt.
<memory_wiki_cut.pdf, id=377, 401.01068pt x 290.51003pt>
File: memory_wiki_cut.pdf Graphic file (type pdf)
<use memory_wiki_cut.pdf>
Package pdftex.def Info: memory_wiki_cut.pdf  used on input line 455.
(pdftex.def)             Requested size: 200.50484pt x 145.25465pt.
Package babel Info: Redefining russian shorthand "|
(babel)             in language  on input line 462.
Package babel Info: Redefining russian shorthand "~
(babel)             in language  on input line 462.
Package babel Info: Redefining russian shorthand "|
(babel)             in language  on input line 465.
Package babel Info: Redefining russian shorthand "~
(babel)             in language  on input line 465.
Package babel Info: Redefining russian shorthand "|
(babel)             in language  on input line 466.
Package babel Info: Redefining russian shorthand "~
(babel)             in language  on input line 466.

Underfull \vbox (badness 1377) has occurred while \output is active []

Package babel Info: Redefining russian shorthand "|
(babel)             in language  on input line 468.
Package babel Info: Redefining russian shorthand "~
(babel)             in language  on input line 468.
Package babel Info: Redefining russian shorthand "|
(babel)             in language  on input line 468.
Package babel Info: Redefining russian shorthand "~
(babel)             in language  on input line 468.
 [11 <./memory_mmro.pdf> <./memory_wiki_cut.pdf

pdfTeX warning: /usr/bin/pdflatex (file ./memory_wiki_cut.pdf): PDF inclusion: 
multiple pdfs with page group included in a single page
>]
<perplexity_postnauka_0.pdf, id=483, 415.39253pt x 275.4315pt>
File: perplexity_postnauka_0.pdf Graphic file (type pdf)
<use perplexity_postnauka_0.pdf>
Package pdftex.def Info: perplexity_postnauka_0.pdf  used on input line 470.
(pdftex.def)             Requested size: 207.69576pt x 137.71541pt.
<coherence_postnauka_0.pdf, id=484, 401.98306pt x 275.4315pt>
File: coherence_postnauka_0.pdf Graphic file (type pdf)
<use coherence_postnauka_0.pdf>
Package pdftex.def Info: coherence_postnauka_0.pdf  used on input line 471.
(pdftex.def)             Requested size: 200.99104pt x 137.71541pt.
Package babel Info: Redefining russian shorthand "|
(babel)             in language  on input line 474.
Package babel Info: Redefining russian shorthand "~
(babel)             in language  on input line 474.
<tf_coherence_of_topics.pdf, id=485, 398.7993pt x 273.50243pt>
File: tf_coherence_of_topics.pdf Graphic file (type pdf)
<use tf_coherence_of_topics.pdf>
Package pdftex.def Info: tf_coherence_of_topics.pdf  used on input line 480.
(pdftex.def)             Requested size: 199.39915pt x 136.75087pt.
<df_coherence_of_topics.pdf, id=486, 406.46858pt x 273.50243pt>
File: df_coherence_of_topics.pdf Graphic file (type pdf)
<use df_coherence_of_topics.pdf>
Package pdftex.def Info: df_coherence_of_topics.pdf  used on input line 481.
(pdftex.def)             Requested size: 203.2338pt x 136.75087pt.
Package babel Info: Redefining russian shorthand "|
(babel)             in language  on input line 486.
Package babel Info: Redefining russian shorthand "~
(babel)             in language  on input line 486.
Package babel Info: Redefining russian shorthand "|
(babel)             in language  on input line 486.
Package babel Info: Redefining russian shorthand "~
(babel)             in language  on input line 486.
 [12 <./perplexity_postnauka_0.pdf> <./coherence_postnauka_0.pdf

pdfTeX warning: /usr/bin/pdflatex (file ./coherence_postnauka_0.pdf): PDF inclu
sion: multiple pdfs with page group included in a single page
> <./tf_coherence_of_topics.pdf

pdfTeX warning: /usr/bin/pdflatex (file ./tf_coherence_of_topics.pdf): PDF incl
usion: multiple pdfs with page group included in a single page
> <./df_coherence_of_topics.pdf

pdfTeX warning: /usr/bin/pdflatex (file ./df_coherence_of_topics.pdf): PDF incl
usion: multiple pdfs with page group included in a single page
>]
Package babel Info: Redefining russian shorthand "|
(babel)             in language  on input line 513.
Package babel Info: Redefining russian shorthand "~
(babel)             in language  on input line 513.
Package babel Info: Redefining russian shorthand "|
(babel)             in language  on input line 535.
Package babel Info: Redefining russian shorthand "~
(babel)             in language  on input line 535.
Package babel Info: Redefining russian shorthand "|
(babel)             in language  on input line 536.
Package babel Info: Redefining russian shorthand "~
(babel)             in language  on input line 536.
Package babel Info: Redefining russian shorthand "|
(babel)             in language  on input line 542.
Package babel Info: Redefining russian shorthand "~
(babel)             in language  on input line 542.
Package babel Info: Redefining russian shorthand "|
(babel)             in language  on input line 545.
Package babel Info: Redefining russian shorthand "~
(babel)             in language  on input line 545.
Package babel Info: Redefining russian shorthand "|
(babel)             in language  on input line 545.
Package babel Info: Redefining russian shorthand "~
(babel)             in language  on input line 545.
 [13]
Package babel Info: Redefining russian shorthand "|
(babel)             in language  on input line 545.
Package babel Info: Redefining russian shorthand "~
(babel)             in language  on input line 545.
Package babel Info: Redefining russian shorthand "|
(babel)             in language  on input line 545.
Package babel Info: Redefining russian shorthand "~
(babel)             in language  on input line 545.
 [14]
Package babel Info: Redefining russian shorthand "|
(babel)             in language  on input line 547.
Package babel Info: Redefining russian shorthand "~
(babel)             in language  on input line 547.

Underfull \hbox (badness 2401) in paragraph at lines 565--566
[]\T2A/cmr/m/n/12 Bullinaria, J.A. & Levy, J.P. Behavior Research Methods (2007
) 39: 510.
 []

Package atveryend Info: Empty hook `BeforeClearDocument' on input line 575.
Package babel Info: Redefining russian shorthand "|
(babel)             in language  on input line 575.
Package babel Info: Redefining russian shorthand "~
(babel)             in language  on input line 575.
Package babel Info: Redefining russian shorthand "|
(babel)             in language  on input line 575.
Package babel Info: Redefining russian shorthand "~
(babel)             in language  on input line 575.
[15]
Package atveryend Info: Empty hook `AfterLastShipout' on input line 575.
 (./fish-diplo.aux)
Package atveryend Info: Executing hook `AtVeryEndDocument' on input line 575.
Package atveryend Info: Executing hook `AtEndAfterFileList' on input line 575.
Package rerunfilecheck Info: File `fish-diplo.out' has not changed.
(rerunfilecheck)             Checksum: 76AACFB29EB0DC1FFEB3A27554CA18EF;6181.
Package atveryend Info: Empty hook `AtVeryVeryEnd' on input line 575.
 ) 
Here is how much of TeX's memory you used:
 14070 strings out of 492982
 198093 string characters out of 6138579
 287147 words of memory out of 5000000
 17284 multiletter control sequences out of 15000+600000
 29777 words of font info for 74 fonts, out of 8000000 for 9000
 1141 hyphenation exceptions out of 8191
 39i,24n,41p,1539b,742s stack positions out of 5000i,500n,10000p,200000b,80000s
{/usr/share/texmf-dist/fonts/enc/dvips/cm-super/cm-super-t2a.enc}</usr/share/
texmf-dist/fonts/type1/public/amsfonts/cm/cmex10.pfb></usr/share/texmf-dist/fon
ts/type1/public/amsfonts/cm/cmmi12.pfb></usr/share/texmf-dist/fonts/type1/publi
c/amsfonts/cm/cmmi6.pfb></usr/share/texmf-dist/fonts/type1/public/amsfonts/cm/c
mmi8.pfb></usr/share/texmf-dist/fonts/type1/public/amsfonts/cm/cmr12.pfb></usr/
share/texmf-dist/fonts/type1/public/amsfonts/cm/cmr8.pfb></usr/share/texmf-dist
/fonts/type1/public/amsfonts/cm/cmss12.pfb></usr/share/texmf-dist/fonts/type1/p
ublic/amsfonts/cm/cmsy10.pfb></usr/share/texmf-dist/fonts/type1/public/amsfonts
/cm/cmsy8.pfb></usr/share/texmf-dist/fonts/type1/public/amsfonts/symbols/msam10
.pfb></usr/share/texmf-dist/fonts/type1/public/cm-super/sfbx0800.pfb></usr/shar
e/texmf-dist/fonts/type1/public/cm-super/sfbx1095.pfb></usr/share/texmf-dist/fo
nts/type1/public/cm-super/sfbx1200.pfb></usr/share/texmf-dist/fonts/type1/publi
c/cm-super/sfbx1440.pfb></usr/share/texmf-dist/fonts/type1/public/cm-super/sfbx
1728.pfb></usr/share/texmf-dist/fonts/type1/public/cm-super/sfrm0700.pfb></usr/
share/texmf-dist/fonts/type1/public/cm-super/sfrm0800.pfb></usr/share/texmf-dis
t/fonts/type1/public/cm-super/sfrm1000.pfb></usr/share/texmf-dist/fonts/type1/p
ublic/cm-super/sfrm1095.pfb></usr/share/texmf-dist/fonts/type1/public/cm-super/
sfrm1200.pfb></usr/share/texmf-dist/fonts/type1/public/cm-super/sfss0800.pfb></
usr/share/texmf-dist/fonts/type1/public/cm-super/sfsx0800.pfb></usr/share/texmf
-dist/fonts/type1/public/cm-super/sfsx1200.pfb></usr/share/texmf-dist/fonts/typ
e1/public/cm-super/sfsx1440.pfb></usr/share/texmf-dist/fonts/type1/public/cm-su
per/sfti1200.pfb></usr/share/texmf-dist/fonts/type1/public/cm-super/sftt1000.pf
b>
Output written on fish-diplo.pdf (16 pages, 611153 bytes).
PDF statistics:
 756 PDF objects out of 1000 (max. 8388607)
 403 compressed objects within 5 object streams
 94 named destinations out of 1000 (max. 500000)
 290 words of extra memory for PDF output out of 10000 (max. 10000000)

